<?xml version="1.0" encoding="UTF-8"?>
<!-- Generated by org.testng.reporters.JUnitReportReporter -->
<testsuite hostname="DESKTOP-KJ2AQ4I" failures="0" tests="2" name="datadriven1.paralleltesting" time="54.362" errors="0" timestamp="7 Nov 2022 11:34:34 GMT">
  <testcase classname="datadriven1.paralleltesting" name="test" time="29.013"/>
  <testcase classname="datadriven1.paralleltesting" name="test" time="25.349"/>
</testsuite> <!-- datadriven1.paralleltesting -->
