<?xml version="1.0" encoding="UTF-8"?>
<!-- Generated by org.testng.reporters.JUnitReportReporter -->
<testsuite hostname="DESKTOP-KJ2AQ4I" failures="0" tests="1" name="datadriven1.dadrivenfirst" time="117.246" errors="0" timestamp="8 Nov 2022 04:36:44 GMT">
  <testcase classname="datadriven1.dadrivenfirst" name="test" time="117.246"/>
</testsuite> <!-- datadriven1.dadrivenfirst -->
